MemuHyperv COM Server 5.1.34 r121010 win.amd64 (May 22 2023 14:00:53) release log
00:00:00.012151 main     Log opened 2024-10-25T13:55:51.432222000Z
00:00:00.012151 main     Build Type: release
00:00:00.012151 main     OS Product: Windows 10
00:00:00.012151 main     OS Release: 10.0.22631
00:00:00.012151 main     OS Service Pack: 
00:00:00.030857 main     DMI Product Name: 82HS
00:00:00.039038 main     DMI Product Version: IdeaPad Flex 5 14ITL05
00:00:00.039038 main     Host RAM: 15931MB (15.5GB) total, 7580MB (7.4GB) available
00:00:00.039038 main     Executable: C:\Program Files\Microvirt\MEmuHyperv\MEmuSVC.exe
00:00:00.039038 main     Process ID: 15484
00:00:00.039038 main     Package type: WINDOWS_64BITS_GENERIC (OSE)
00:00:00.070584          MemuHyperv: object creation starts
00:00:00.070584          Home directory: 'C:\Users\KIIT\.MemuHyperv'
00:00:00.071598          Installed Drivers:
00:00:00.077590            C:\WINDOWS\system32\DRIVERS\MEmuDrv.sys (Version: 5.1.34.21010)
00:00:00.083096          Loading settings file "C:\Users\KIIT\.MemuHyperv\MemuHyperv.xml" with version "1.12-windows"
00:00:00.084098          USBLibInit: USB Service not found
00:00:00.108425          netIfGetBoundAdapters: could not find either 'maiwei_MEmuNetLwf' or 'sun_MEmuNetFlt' components (0x1)
00:00:00.121928          HostDnsMonitor: old information
00:00:00.121928            no server entries
00:00:00.121928            no domain set
00:00:00.121928            no search string entries
00:00:00.121928          HostDnsMonitor: new information
00:00:00.121928            server 1: 192.168.18.1
00:00:00.121928            no domain set
00:00:00.121928            no search string entries
00:00:00.122929          HostDnsMonitorProxy::notify
00:00:00.122929          VD: VDInit finished
00:00:00.124107          ERROR [COM]: aRC=E_FAIL (0x80004005) aIID={0eb668d2-495e-5a36-8890-29999b5f030a} aComponent={SystemPropertiesWrap} aText={Cannot determine default Guest Additions ISO location. Most likely they are not available}, preserve=false aResultDetail=0
00:00:00.127109          Loading settings file "C:\Program Files\Microvirt\MEmu\MemuHyperv VMs\MEmu\MEmu.memu" with version "1.15-windows"
00:00:00.128107          MemuHyperv: object created
00:00:00.917678          ERROR [COM]: aRC=MEMU_E_OBJECT_IN_USE (0x80bb000c) aIID={4afe423b-43e0-e9d0-82e8-ceb307940dd1} aComponent={MediumWrap} aText={Medium 'C:\Program Files\Microvirt\MEmu\MemuHyperv VMs\MEmu\MEmu96-2024051000027FFF-disk2.vmdk' cannot be closed because it is still attached to 1 virtual machines}, preserve=false aResultDetail=0
00:00:00.922679          ERROR [COM]: aRC=MEMU_E_OBJECT_NOT_FOUND (0x80bb0001) aIID={b2547866-a0a1-4391-8b86-6952d82efaaa} aComponent={MachineWrap} aText={No storage device attached to device slot 0 on port 1 of controller 'IDE'}, preserve=false aResultDetail=0
00:00:00.922679          ERROR [COM]: aRC=MEMU_E_OBJECT_NOT_FOUND (0x80bb0001) aIID={b2547866-a0a1-4391-8b86-6952d82efaaa} aComponent={MachineWrap} aText={No storage device attached to device slot 0 on port 1 of controller 'IDE'}, preserve=false aResultDetail=0
00:00:00.922679          ERROR [COM]: aRC=MEMU_E_OBJECT_NOT_FOUND (0x80bb0001) aIID={b2547866-a0a1-4391-8b86-6952d82efaaa} aComponent={MachineWrap} aText={No storage device attached to device slot 1 on port 1 of controller 'IDE'}, preserve=false aResultDetail=0
00:00:00.922679          ERROR [COM]: aRC=MEMU_E_OBJECT_NOT_FOUND (0x80bb0001) aIID={b2547866-a0a1-4391-8b86-6952d82efaaa} aComponent={MachineWrap} aText={No storage device attached to device slot 1 on port 1 of controller 'IDE'}, preserve=false aResultDetail=0
00:00:01.501014          ERROR [COM]: aRC=MEMU_E_OBJECT_NOT_FOUND (0x80bb0001) aIID={b2547866-a0a1-4391-8b86-6952d82efaaa} aComponent={MachineWrap} aText={No storage device attached to device slot 0 on port 1 of controller 'IDE'}, preserve=false aResultDetail=0
00:00:01.501014          ERROR [COM]: aRC=MEMU_E_OBJECT_NOT_FOUND (0x80bb0001) aIID={b2547866-a0a1-4391-8b86-6952d82efaaa} aComponent={MachineWrap} aText={No storage device attached to device slot 0 on port 1 of controller 'IDE'}, preserve=false aResultDetail=0
00:00:01.502007          ERROR [COM]: aRC=MEMU_E_OBJECT_NOT_FOUND (0x80bb0001) aIID={b2547866-a0a1-4391-8b86-6952d82efaaa} aComponent={MachineWrap} aText={No storage device attached to device slot 1 on port 1 of controller 'IDE'}, preserve=false aResultDetail=0
00:00:01.502007          ERROR [COM]: aRC=MEMU_E_OBJECT_NOT_FOUND (0x80bb0001) aIID={b2547866-a0a1-4391-8b86-6952d82efaaa} aComponent={MachineWrap} aText={No storage device attached to device slot 1 on port 1 of controller 'IDE'}, preserve=false aResultDetail=0
00:04:33.657589 main     MemuHyperv: object deletion starts
00:04:33.658584 main     ERROR [COM]: aRC=MEMU_E_OBJECT_IN_USE (0x80bb000c) aIID={4afe423b-43e0-e9d0-82e8-ceb307940dd1} aComponent={MediumWrap} aText={Medium 'C:\Program Files\Microvirt\MEmu\MemuHyperv VMs\MEmu\MEmu96-2024051000027FFF-disk2.vmdk' cannot be closed because it is still attached to 1 virtual machines}, preserve=false aResultDetail=0
00:04:33.666094 Watcher  ERROR [COM]: aRC=E_ACCESSDENIED (0x80070005) aIID={0169423f-46b4-cde9-91af-1e9d5b6cd94a} aComponent={MemuHypervWrap} aText={The object is not ready}, preserve=false aResultDetail=0
00:04:33.666094 main     MemuHyperv: object deleted
